myHadoop: Setting MH_IPOIB_TRANSFORM='s/\([^.]*\).*$/\1.ibnet/' from myhadoop.conf
myHadoop: Setting MH_SCRATCH_DIR=/scratch/$USER/$SLURM_JOBID from myhadoop.conf
myHadoop: Using HADOOP_HOME=/opt/hadoop/2.6.0
myHadoop: Using MH_SCRATCH_DIR=/scratch/sxs3960/38739626
myHadoop: Using JAVA_HOME=/lib/jvm/java
myHadoop: Generating Hadoop configuration in directory in /home/sxs3960/cometcluster...
myHadoop: Designating comet-14-02.ibnet as master node (namenode, secondary namenode, and jobtracker)
myHadoop: The following nodes will be slaves (datanode, tasktracer):
comet-14-02.ibnet
comet-14-03.ibnet
21/03/02 12:41:17 INFO namenode.NameNode: STARTUP_MSG: 
/************************************************************
STARTUP_MSG: Starting NameNode
STARTUP_MSG:   host = comet-14-02.sdsc.edu/198.202.114.231
STARTUP_MSG:   args = [-format]
STARTUP_MSG:   version = 2.6.0
STARTUP_MSG:   classpath = /home/sxs3960/cometcluster:/opt/hadoop/2.6.0/share/hadoop/common/lib/commons-compress-1.4.1.jar:/opt/hadoop/2.6.0/share/hadoop/common/lib/commons-configuration-1.6.jar:/opt/hadoop/2.6.0/share/hadoop/common/lib/commons-cli-1.2.jar:/opt/hadoop/2.6.0/share/hadoop/common/lib/snappy-java-1.0.4.1.jar:/opt/hadoop/2.6.0/share/hadoop/common/lib/jetty-6.1.26.jar:/opt/hadoop/2.6.0/share/hadoop/common/lib/activation-1.1.jar:/opt/hadoop/2.6.0/share/hadoop/common/lib/commons-beanutils-core-1.8.0.jar:/opt/hadoop/2.6.0/share/hadoop/common/lib/hadoop-annotations-2.6.0.jar:/opt/hadoop/2.6.0/share/hadoop/common/lib/jersey-core-1.9.jar:/opt/hadoop/2.6.0/share/hadoop/common/lib/slf4j-log4j12-1.7.5.jar:/opt/hadoop/2.6.0/share/hadoop/common/lib/commons-net-3.1.jar:/opt/hadoop/2.6.0/share/hadoop/common/lib/httpclient-4.2.5.jar:/opt/hadoop/2.6.0/share/hadoop/common/lib/jersey-server-1.9.jar:/opt/hadoop/2.6.0/share/hadoop/common/lib/jackson-core-asl-1.9.13.jar:/opt/hadoop/2.6.0/share/hadoop/common/lib/gson-2.2.4.jar:/opt/hadoop/2.6.0/share/hadoop/common/lib/servlet-api-2.5.jar:/opt/hadoop/2.6.0/share/hadoop/common/lib/hamcrest-core-1.3.jar:/opt/hadoop/2.6.0/share/hadoop/common/lib/commons-beanutils-1.7.0.jar:/opt/hadoop/2.6.0/share/hadoop/common/lib/jettison-1.1.jar:/opt/hadoop/2.6.0/share/hadoop/common/lib/jersey-json-1.9.jar:/opt/hadoop/2.6.0/share/hadoop/common/lib/guava-11.0.2.jar:/opt/hadoop/2.6.0/share/hadoop/common/lib/commons-el-1.0.jar:/opt/hadoop/2.6.0/share/hadoop/common/lib/jsch-0.1.42.jar:/opt/hadoop/2.6.0/share/hadoop/common/lib/commons-codec-1.4.jar:/opt/hadoop/2.6.0/share/hadoop/common/lib/curator-recipes-2.6.0.jar:/opt/hadoop/2.6.0/share/hadoop/common/lib/jets3t-0.9.0.jar:/opt/hadoop/2.6.0/share/hadoop/common/lib/jackson-xc-1.9.13.jar:/opt/hadoop/2.6.0/share/hadoop/common/lib/commons-lang-2.6.jar:/opt/hadoop/2.6.0/share/hadoop/common/lib/zookeeper-3.4.6.jar:/opt/hadoop/2.6.0/share/hadoop/common/lib/httpcore-4.2.5.jar:/opt/hadoop/2.6.0/share/hadoop/common/lib/jsr305-1.3.9.jar:/opt/hadoop/2.6.0/share/hadoop/common/lib/netty-3.6.2.Final.jar:/opt/hadoop/2.6.0/share/hadoop/common/lib/commons-collections-3.2.1.jar:/opt/hadoop/2.6.0/share/hadoop/common/lib/protobuf-java-2.5.0.jar:/opt/hadoop/2.6.0/share/hadoop/common/lib/mockito-all-1.8.5.jar:/opt/hadoop/2.6.0/share/hadoop/common/lib/api-asn1-api-1.0.0-M20.jar:/opt/hadoop/2.6.0/share/hadoop/common/lib/jaxb-impl-2.2.3-1.jar:/opt/hadoop/2.6.0/share/hadoop/common/lib/commons-logging-1.1.3.jar:/opt/hadoop/2.6.0/share/hadoop/common/lib/jsp-api-2.1.jar:/opt/hadoop/2.6.0/share/hadoop/common/lib/junit-4.11.jar:/opt/hadoop/2.6.0/share/hadoop/common/lib/jasper-compiler-5.5.23.jar:/opt/hadoop/2.6.0/share/hadoop/common/lib/curator-framework-2.6.0.jar:/opt/hadoop/2.6.0/share/hadoop/common/lib/stax-api-1.0-2.jar:/opt/hadoop/2.6.0/share/hadoop/common/lib/commons-math3-3.1.1.jar:/opt/hadoop/2.6.0/share/hadoop/common/lib/jackson-mapper-asl-1.9.13.jar:/opt/hadoop/2.6.0/share/hadoop/common/lib/slf4j-api-1.7.5.jar:/opt/hadoop/2.6.0/share/hadoop/common/lib/paranamer-2.3.jar:/opt/hadoop/2.6.0/share/hadoop/common/lib/api-util-1.0.0-M20.jar:/opt/hadoop/2.6.0/share/hadoop/common/lib/curator-client-2.6.0.jar:/opt/hadoop/2.6.0/share/hadoop/common/lib/java-xmlbuilder-0.4.jar:/opt/hadoop/2.6.0/share/hadoop/common/lib/jaxb-api-2.2.2.jar:/opt/hadoop/2.6.0/share/hadoop/common/lib/log4j-1.2.17.jar:/opt/hadoop/2.6.0/share/hadoop/common/lib/commons-digester-1.8.jar:/opt/hadoop/2.6.0/share/hadoop/common/lib/apacheds-kerberos-codec-2.0.0-M15.jar:/opt/hadoop/2.6.0/share/hadoop/common/lib/jackson-jaxrs-1.9.13.jar:/opt/hadoop/2.6.0/share/hadoop/common/lib/commons-httpclient-3.1.jar:/opt/hadoop/2.6.0/share/hadoop/common/lib/jetty-util-6.1.26.jar:/opt/hadoop/2.6.0/share/hadoop/common/lib/xmlenc-0.52.jar:/opt/hadoop/2.6.0/share/hadoop/common/lib/avro-1.7.4.jar:/opt/hadoop/2.6.0/share/hadoop/common/lib/xz-1.0.jar:/opt/hadoop/2.6.0/share/hadoop/common/lib/asm-3.2.jar:/opt/hadoop/2.6.0/share/hadoop/common/lib/htrace-core-3.0.4.jar:/opt/hadoop/2.6.0/share/hadoop/common/lib/commons-io-2.4.jar:/opt/hadoop/2.6.0/share/hadoop/common/lib/hadoop-auth-2.6.0.jar:/opt/hadoop/2.6.0/share/hadoop/common/lib/jasper-runtime-5.5.23.jar:/opt/hadoop/2.6.0/share/hadoop/common/lib/apacheds-i18n-2.0.0-M15.jar:/opt/hadoop/2.6.0/share/hadoop/common/hadoop-common-2.6.0.jar:/opt/hadoop/2.6.0/share/hadoop/common/hadoop-common-2.6.0-tests.jar:/opt/hadoop/2.6.0/share/hadoop/common/hadoop-nfs-2.6.0.jar:/opt/hadoop/2.6.0/share/hadoop/hdfs:/opt/hadoop/2.6.0/share/hadoop/hdfs/lib/commons-cli-1.2.jar:/opt/hadoop/2.6.0/share/hadoop/hdfs/lib/jetty-6.1.26.jar:/opt/hadoop/2.6.0/share/hadoop/hdfs/lib/jersey-core-1.9.jar:/opt/hadoop/2.6.0/share/hadoop/hdfs/lib/commons-daemon-1.0.13.jar:/opt/hadoop/2.6.0/share/hadoop/hdfs/lib/jersey-server-1.9.jar:/opt/hadoop/2.6.0/share/hadoop/hdfs/lib/jackson-core-asl-1.9.13.jar:/opt/hadoop/2.6.0/share/hadoop/hdfs/lib/servlet-api-2.5.jar:/opt/hadoop/2.6.0/share/hadoop/hdfs/lib/guava-11.0.2.jar:/opt/hadoop/2.6.0/share/hadoop/hdfs/lib/commons-el-1.0.jar:/opt/hadoop/2.6.0/share/hadoop/hdfs/lib/xml-apis-1.3.04.jar:/opt/hadoop/2.6.0/share/hadoop/hdfs/lib/commons-codec-1.4.jar:/opt/hadoop/2.6.0/share/hadoop/hdfs/lib/xercesImpl-2.9.1.jar:/opt/hadoop/2.6.0/share/hadoop/hdfs/lib/commons-lang-2.6.jar:/opt/hadoop/2.6.0/share/hadoop/hdfs/lib/jsr305-1.3.9.jar:/opt/hadoop/2.6.0/share/hadoop/hdfs/lib/netty-3.6.2.Final.jar:/opt/hadoop/2.6.0/share/hadoop/hdfs/lib/protobuf-java-2.5.0.jar:/opt/hadoop/2.6.0/share/hadoop/hdfs/lib/commons-logging-1.1.3.jar:/opt/hadoop/2.6.0/share/hadoop/hdfs/lib/jsp-api-2.1.jar:/opt/hadoop/2.6.0/share/hadoop/hdfs/lib/jackson-mapper-asl-1.9.13.jar:/opt/hadoop/2.6.0/share/hadoop/hdfs/lib/log4j-1.2.17.jar:/opt/hadoop/2.6.0/share/hadoop/hdfs/lib/jetty-util-6.1.26.jar:/opt/hadoop/2.6.0/share/hadoop/hdfs/lib/xmlenc-0.52.jar:/opt/hadoop/2.6.0/share/hadoop/hdfs/lib/asm-3.2.jar:/opt/hadoop/2.6.0/share/hadoop/hdfs/lib/htrace-core-3.0.4.jar:/opt/hadoop/2.6.0/share/hadoop/hdfs/lib/commons-io-2.4.jar:/opt/hadoop/2.6.0/share/hadoop/hdfs/lib/jasper-runtime-5.5.23.jar:/opt/hadoop/2.6.0/share/hadoop/hdfs/hadoop-hdfs-nfs-2.6.0.jar:/opt/hadoop/2.6.0/share/hadoop/hdfs/hadoop-hdfs-2.6.0-tests.jar:/opt/hadoop/2.6.0/share/hadoop/hdfs/hadoop-hdfs-2.6.0.jar:/opt/hadoop/2.6.0/share/hadoop/yarn/lib/commons-compress-1.4.1.jar:/opt/hadoop/2.6.0/share/hadoop/yarn/lib/aopalliance-1.0.jar:/opt/hadoop/2.6.0/share/hadoop/yarn/lib/commons-cli-1.2.jar:/opt/hadoop/2.6.0/share/hadoop/yarn/lib/jetty-6.1.26.jar:/opt/hadoop/2.6.0/share/hadoop/yarn/lib/activation-1.1.jar:/opt/hadoop/2.6.0/share/hadoop/yarn/lib/jersey-core-1.9.jar:/opt/hadoop/2.6.0/share/hadoop/yarn/lib/jersey-server-1.9.jar:/opt/hadoop/2.6.0/share/hadoop/yarn/lib/jackson-core-asl-1.9.13.jar:/opt/hadoop/2.6.0/share/hadoop/yarn/lib/javax.inject-1.jar:/opt/hadoop/2.6.0/share/hadoop/yarn/lib/servlet-api-2.5.jar:/opt/hadoop/2.6.0/share/hadoop/yarn/lib/jettison-1.1.jar:/opt/hadoop/2.6.0/share/hadoop/yarn/lib/jersey-json-1.9.jar:/opt/hadoop/2.6.0/share/hadoop/yarn/lib/guava-11.0.2.jar:/opt/hadoop/2.6.0/share/hadoop/yarn/lib/guice-servlet-3.0.jar:/opt/hadoop/2.6.0/share/hadoop/yarn/lib/jersey-client-1.9.jar:/opt/hadoop/2.6.0/share/hadoop/yarn/lib/commons-codec-1.4.jar:/opt/hadoop/2.6.0/share/hadoop/yarn/lib/jackson-xc-1.9.13.jar:/opt/hadoop/2.6.0/share/hadoop/yarn/lib/commons-lang-2.6.jar:/opt/hadoop/2.6.0/share/hadoop/yarn/lib/zookeeper-3.4.6.jar:/opt/hadoop/2.6.0/share/hadoop/yarn/lib/jsr305-1.3.9.jar:/opt/hadoop/2.6.0/share/hadoop/yarn/lib/netty-3.6.2.Final.jar:/opt/hadoop/2.6.0/share/hadoop/yarn/lib/commons-collections-3.2.1.jar:/opt/hadoop/2.6.0/share/hadoop/yarn/lib/protobuf-java-2.5.0.jar:/opt/hadoop/2.6.0/share/hadoop/yarn/lib/jaxb-impl-2.2.3-1.jar:/opt/hadoop/2.6.0/share/hadoop/yarn/lib/commons-logging-1.1.3.jar:/opt/hadoop/2.6.0/share/hadoop/yarn/lib/stax-api-1.0-2.jar:/opt/hadoop/2.6.0/share/hadoop/yarn/lib/jackson-mapper-asl-1.9.13.jar:/opt/hadoop/2.6.0/share/hadoop/yarn/lib/leveldbjni-all-1.8.jar:/opt/hadoop/2.6.0/share/hadoop/yarn/lib/jline-0.9.94.jar:/opt/hadoop/2.6.0/share/hadoop/yarn/lib/jaxb-api-2.2.2.jar:/opt/hadoop/2.6.0/share/hadoop/yarn/lib/log4j-1.2.17.jar:/opt/hadoop/2.6.0/share/hadoop/yarn/lib/jackson-jaxrs-1.9.13.jar:/opt/hadoop/2.6.0/share/hadoop/yarn/lib/commons-httpclient-3.1.jar:/opt/hadoop/2.6.0/share/hadoop/yarn/lib/jetty-util-6.1.26.jar:/opt/hadoop/2.6.0/share/hadoop/yarn/lib/xz-1.0.jar:/opt/hadoop/2.6.0/share/hadoop/yarn/lib/asm-3.2.jar:/opt/hadoop/2.6.0/share/hadoop/yarn/lib/guice-3.0.jar:/opt/hadoop/2.6.0/share/hadoop/yarn/lib/commons-io-2.4.jar:/opt/hadoop/2.6.0/share/hadoop/yarn/lib/jersey-guice-1.9.jar:/opt/hadoop/2.6.0/share/hadoop/yarn/hadoop-yarn-registry-2.6.0.jar:/opt/hadoop/2.6.0/share/hadoop/yarn/hadoop-yarn-client-2.6.0.jar:/opt/hadoop/2.6.0/share/hadoop/yarn/hadoop-yarn-server-common-2.6.0.jar:/opt/hadoop/2.6.0/share/hadoop/yarn/hadoop-yarn-server-web-proxy-2.6.0.jar:/opt/hadoop/2.6.0/share/hadoop/yarn/hadoop-yarn-server-tests-2.6.0.jar:/opt/hadoop/2.6.0/share/hadoop/yarn/hadoop-yarn-common-2.6.0.jar:/opt/hadoop/2.6.0/share/hadoop/yarn/hadoop-yarn-api-2.6.0.jar:/opt/hadoop/2.6.0/share/hadoop/yarn/hadoop-yarn-applications-unmanaged-am-launcher-2.6.0.jar:/opt/hadoop/2.6.0/share/hadoop/yarn/hadoop-yarn-server-resourcemanager-2.6.0.jar:/opt/hadoop/2.6.0/share/hadoop/yarn/hadoop-yarn-server-nodemanager-2.6.0.jar:/opt/hadoop/2.6.0/share/hadoop/yarn/hadoop-yarn-server-applicationhistoryservice-2.6.0.jar:/opt/hadoop/2.6.0/share/hadoop/yarn/hadoop-yarn-applications-distributedshell-2.6.0.jar:/opt/hadoop/2.6.0/share/hadoop/mapreduce/lib/commons-compress-1.4.1.jar:/opt/hadoop/2.6.0/share/hadoop/mapreduce/lib/aopalliance-1.0.jar:/opt/hadoop/2.6.0/share/hadoop/mapreduce/lib/snappy-java-1.0.4.1.jar:/opt/hadoop/2.6.0/share/hadoop/mapreduce/lib/hadoop-annotations-2.6.0.jar:/opt/hadoop/2.6.0/share/hadoop/mapreduce/lib/jersey-core-1.9.jar:/opt/hadoop/2.6.0/share/hadoop/mapreduce/lib/jersey-server-1.9.jar:/opt/hadoop/2.6.0/share/hadoop/mapreduce/lib/jackson-core-asl-1.9.13.jar:/opt/hadoop/2.6.0/share/hadoop/mapreduce/lib/javax.inject-1.jar:/opt/hadoop/2.6.0/share/hadoop/mapreduce/lib/hamcrest-core-1.3.jar:/opt/hadoop/2.6.0/share/hadoop/mapreduce/lib/guice-servlet-3.0.jar:/opt/hadoop/2.6.0/share/hadoop/mapreduce/lib/netty-3.6.2.Final.jar:/opt/hadoop/2.6.0/share/hadoop/mapreduce/lib/protobuf-java-2.5.0.jar:/opt/hadoop/2.6.0/share/hadoop/mapreduce/lib/junit-4.11.jar:/opt/hadoop/2.6.0/share/hadoop/mapreduce/lib/jackson-mapper-asl-1.9.13.jar:/opt/hadoop/2.6.0/share/hadoop/mapreduce/lib/leveldbjni-all-1.8.jar:/opt/hadoop/2.6.0/share/hadoop/mapreduce/lib/paranamer-2.3.jar:/opt/hadoop/2.6.0/share/hadoop/mapreduce/lib/log4j-1.2.17.jar:/opt/hadoop/2.6.0/share/hadoop/mapreduce/lib/avro-1.7.4.jar:/opt/hadoop/2.6.0/share/hadoop/mapreduce/lib/xz-1.0.jar:/opt/hadoop/2.6.0/share/hadoop/mapreduce/lib/asm-3.2.jar:/opt/hadoop/2.6.0/share/hadoop/mapreduce/lib/guice-3.0.jar:/opt/hadoop/2.6.0/share/hadoop/mapreduce/lib/commons-io-2.4.jar:/opt/hadoop/2.6.0/share/hadoop/mapreduce/lib/jersey-guice-1.9.jar:/opt/hadoop/2.6.0/share/hadoop/mapreduce/hadoop-mapreduce-client-hs-plugins-2.6.0.jar:/opt/hadoop/2.6.0/share/hadoop/mapreduce/hadoop-mapreduce-client-hs-2.6.0.jar:/opt/hadoop/2.6.0/share/hadoop/mapreduce/hadoop-mapreduce-client-core-2.6.0.jar:/opt/hadoop/2.6.0/share/hadoop/mapreduce/hadoop-mapreduce-client-jobclient-2.6.0.jar:/opt/hadoop/2.6.0/share/hadoop/mapreduce/hadoop-mapreduce-examples-2.6.0.jar:/opt/hadoop/2.6.0/share/hadoop/mapreduce/hadoop-mapreduce-client-common-2.6.0.jar:/opt/hadoop/2.6.0/share/hadoop/mapreduce/hadoop-mapreduce-client-jobclient-2.6.0-tests.jar:/opt/hadoop/2.6.0/share/hadoop/mapreduce/hadoop-mapreduce-client-app-2.6.0.jar:/opt/hadoop/2.6.0/share/hadoop/mapreduce/hadoop-mapreduce-client-shuffle-2.6.0.jar:/opt/hadoop/2.6.0/contrib/capacity-scheduler/*.jar
STARTUP_MSG:   build = https://git-wip-us.apache.org/repos/asf/hadoop.git -r e3496499ecb8d220fba99dc5ed4c99c8f9e33bb1; compiled by 'jenkins' on 2014-11-13T21:10Z
STARTUP_MSG:   java = 1.8.0_212
************************************************************/
21/03/02 12:41:17 INFO namenode.NameNode: registered UNIX signal handlers for [TERM, HUP, INT]
21/03/02 12:41:17 INFO namenode.NameNode: createNameNode [-format]
21/03/02 12:41:17 WARN common.Util: Path /scratch/sxs3960/38739626/namenode_data should be specified as a URI in configuration files. Please update hdfs configuration.
21/03/02 12:41:17 WARN common.Util: Path /scratch/sxs3960/38739626/namenode_data should be specified as a URI in configuration files. Please update hdfs configuration.
Formatting using clusterid: CID-8d6fddda-7e7a-4435-acb4-fdea6d60c6e2
21/03/02 12:41:17 INFO namenode.FSNamesystem: No KeyProvider found.
21/03/02 12:41:17 INFO namenode.FSNamesystem: fsLock is fair:true
21/03/02 12:41:17 INFO blockmanagement.DatanodeManager: dfs.block.invalidate.limit=1000
21/03/02 12:41:17 INFO blockmanagement.DatanodeManager: dfs.namenode.datanode.registration.ip-hostname-check=true
21/03/02 12:41:17 INFO blockmanagement.BlockManager: dfs.namenode.startup.delay.block.deletion.sec is set to 000:00:00:00.000
21/03/02 12:41:17 INFO blockmanagement.BlockManager: The block deletion will start around 2021 Mar 02 12:41:17
21/03/02 12:41:17 INFO util.GSet: Computing capacity for map BlocksMap
21/03/02 12:41:17 INFO util.GSet: VM type       = 64-bit
21/03/02 12:41:17 INFO util.GSet: 2.0% max memory 966.7 MB = 19.3 MB
21/03/02 12:41:17 INFO util.GSet: capacity      = 2^21 = 2097152 entries
21/03/02 12:41:17 INFO blockmanagement.BlockManager: dfs.block.access.token.enable=false
21/03/02 12:41:17 INFO blockmanagement.BlockManager: defaultReplication         = 3
21/03/02 12:41:17 INFO blockmanagement.BlockManager: maxReplication             = 512
21/03/02 12:41:17 INFO blockmanagement.BlockManager: minReplication             = 1
21/03/02 12:41:17 INFO blockmanagement.BlockManager: maxReplicationStreams      = 2
21/03/02 12:41:17 INFO blockmanagement.BlockManager: shouldCheckForEnoughRacks  = false
21/03/02 12:41:17 INFO blockmanagement.BlockManager: replicationRecheckInterval = 3000
21/03/02 12:41:17 INFO blockmanagement.BlockManager: encryptDataTransfer        = false
21/03/02 12:41:17 INFO blockmanagement.BlockManager: maxNumBlocksToLog          = 1000
21/03/02 12:41:17 INFO namenode.FSNamesystem: fsOwner             = sxs3960 (auth:SIMPLE)
21/03/02 12:41:17 INFO namenode.FSNamesystem: supergroup          = supergroup
21/03/02 12:41:17 INFO namenode.FSNamesystem: isPermissionEnabled = true
21/03/02 12:41:17 INFO namenode.FSNamesystem: HA Enabled: false
21/03/02 12:41:17 INFO namenode.FSNamesystem: Append Enabled: true
21/03/02 12:41:18 INFO util.GSet: Computing capacity for map INodeMap
21/03/02 12:41:18 INFO util.GSet: VM type       = 64-bit
21/03/02 12:41:18 INFO util.GSet: 1.0% max memory 966.7 MB = 9.7 MB
21/03/02 12:41:18 INFO util.GSet: capacity      = 2^20 = 1048576 entries
21/03/02 12:41:18 INFO namenode.NameNode: Caching file names occuring more than 10 times
21/03/02 12:41:18 INFO util.GSet: Computing capacity for map cachedBlocks
21/03/02 12:41:18 INFO util.GSet: VM type       = 64-bit
21/03/02 12:41:18 INFO util.GSet: 0.25% max memory 966.7 MB = 2.4 MB
21/03/02 12:41:18 INFO util.GSet: capacity      = 2^18 = 262144 entries
21/03/02 12:41:18 INFO namenode.FSNamesystem: dfs.namenode.safemode.threshold-pct = 0.9990000128746033
21/03/02 12:41:18 INFO namenode.FSNamesystem: dfs.namenode.safemode.min.datanodes = 0
21/03/02 12:41:18 INFO namenode.FSNamesystem: dfs.namenode.safemode.extension     = 30000
21/03/02 12:41:18 INFO namenode.FSNamesystem: Retry cache on namenode is enabled
21/03/02 12:41:18 INFO namenode.FSNamesystem: Retry cache will use 0.03 of total heap and retry cache entry expiry time is 600000 millis
21/03/02 12:41:18 INFO util.GSet: Computing capacity for map NameNodeRetryCache
21/03/02 12:41:18 INFO util.GSet: VM type       = 64-bit
21/03/02 12:41:18 INFO util.GSet: 0.029999999329447746% max memory 966.7 MB = 297.0 KB
21/03/02 12:41:18 INFO util.GSet: capacity      = 2^15 = 32768 entries
21/03/02 12:41:18 INFO namenode.NNConf: ACLs enabled? false
21/03/02 12:41:18 INFO namenode.NNConf: XAttrs enabled? true
21/03/02 12:41:18 INFO namenode.NNConf: Maximum size of an xattr: 16384
21/03/02 12:41:18 INFO namenode.FSImage: Allocated new BlockPoolId: BP-1935647675-198.202.114.231-1614717678083
21/03/02 12:41:18 INFO common.Storage: Storage directory /scratch/sxs3960/38739626/namenode_data has been successfully formatted.
21/03/02 12:41:18 INFO namenode.NNStorageRetentionManager: Going to retain 1 images with txid >= 0
21/03/02 12:41:18 INFO util.ExitUtil: Exiting with status 0
21/03/02 12:41:18 INFO namenode.NameNode: SHUTDOWN_MSG: 
/************************************************************
SHUTDOWN_MSG: Shutting down NameNode at comet-14-02.sdsc.edu/198.202.114.231
************************************************************/
Starting namenodes on [comet-14-02.ibnet]
comet-14-02.ibnet: starting namenode, logging to /scratch/sxs3960/38739626/logs/hadoop-sxs3960-namenode-comet-14-02.sdsc.edu.out
comet-14-02.ibnet: starting datanode, logging to /scratch/sxs3960/38739626/logs/hadoop-sxs3960-datanode-comet-14-02.sdsc.edu.out
comet-14-03.ibnet: starting datanode, logging to /scratch/sxs3960/38739626/logs/hadoop-sxs3960-datanode-comet-14-03.sdsc.edu.out
Starting secondary namenodes [comet-14-02.ibnet]
comet-14-02.ibnet: starting secondarynamenode, logging to /scratch/sxs3960/38739626/logs/hadoop-sxs3960-secondarynamenode-comet-14-02.sdsc.edu.out
starting yarn daemons
starting resourcemanager, logging to /scratch/sxs3960/38739626/logs/yarn-sxs3960-resourcemanager-comet-14-02.out
comet-14-02.ibnet: starting nodemanager, logging to /scratch/sxs3960/38739626/logs/yarn-sxs3960-nodemanager-comet-14-02.sdsc.edu.out
comet-14-03.ibnet: starting nodemanager, logging to /scratch/sxs3960/38739626/logs/yarn-sxs3960-nodemanager-comet-14-03.sdsc.edu.out
21/03/02 12:41:52 INFO client.RMProxy: Connecting to ResourceManager at comet-14-02.ibnet/10.22.252.157:8032
21/03/02 12:41:53 WARN mapreduce.JobSubmitter: Hadoop command-line option parsing not performed. Implement the Tool interface and execute your application with ToolRunner to remedy this.
21/03/02 12:41:53 INFO input.FileInputFormat: Total input paths to process : 1
21/03/02 12:41:53 INFO mapreduce.JobSubmitter: number of splits:6
21/03/02 12:41:53 INFO mapreduce.JobSubmitter: Submitting tokens for job: job_1614717699461_0001
21/03/02 12:41:54 INFO impl.YarnClientImpl: Submitted application application_1614717699461_0001
21/03/02 12:41:54 INFO mapreduce.Job: The url to track the job: http://comet-14-02.ibnet:8088/proxy/application_1614717699461_0001/
21/03/02 12:41:54 INFO mapreduce.Job: Running job: job_1614717699461_0001
21/03/02 12:41:59 INFO mapreduce.Job: Job job_1614717699461_0001 running in uber mode : false
21/03/02 12:41:59 INFO mapreduce.Job:  map 0% reduce 0%
21/03/02 12:42:09 INFO mapreduce.Job:  map 6% reduce 0%
21/03/02 12:42:12 INFO mapreduce.Job:  map 9% reduce 0%
21/03/02 12:42:15 INFO mapreduce.Job:  map 12% reduce 0%
21/03/02 12:42:18 INFO mapreduce.Job:  map 16% reduce 0%
21/03/02 12:42:21 INFO mapreduce.Job:  map 24% reduce 0%
21/03/02 12:42:24 INFO mapreduce.Job:  map 25% reduce 0%
21/03/02 12:42:27 INFO mapreduce.Job:  map 26% reduce 0%
21/03/02 12:42:30 INFO mapreduce.Job:  map 27% reduce 0%
21/03/02 12:42:31 INFO mapreduce.Job:  map 27% reduce 6%
21/03/02 12:42:33 INFO mapreduce.Job:  map 29% reduce 6%
21/03/02 12:42:36 INFO mapreduce.Job:  map 30% reduce 6%
21/03/02 12:42:39 INFO mapreduce.Job:  map 31% reduce 6%
21/03/02 12:42:42 INFO mapreduce.Job:  map 32% reduce 6%
21/03/02 12:42:45 INFO mapreduce.Job:  map 34% reduce 6%
21/03/02 12:42:49 INFO mapreduce.Job:  map 35% reduce 6%
21/03/02 12:42:52 INFO mapreduce.Job:  map 36% reduce 6%
21/03/02 12:42:55 INFO mapreduce.Job:  map 37% reduce 6%
21/03/02 12:42:57 INFO mapreduce.Job:  map 38% reduce 6%
21/03/02 12:42:58 INFO mapreduce.Job:  map 39% reduce 6%
21/03/02 12:43:01 INFO mapreduce.Job:  map 40% reduce 6%
21/03/02 12:43:04 INFO mapreduce.Job:  map 41% reduce 6%
21/03/02 12:43:07 INFO mapreduce.Job:  map 42% reduce 6%
21/03/02 12:43:10 INFO mapreduce.Job:  map 44% reduce 6%
21/03/02 12:43:13 INFO mapreduce.Job:  map 45% reduce 6%
21/03/02 12:43:16 INFO mapreduce.Job:  map 46% reduce 6%
21/03/02 12:43:19 INFO mapreduce.Job:  map 47% reduce 6%
21/03/02 12:43:22 INFO mapreduce.Job:  map 48% reduce 6%
21/03/02 12:43:25 INFO mapreduce.Job:  map 50% reduce 6%
21/03/02 12:43:28 INFO mapreduce.Job:  map 51% reduce 6%
21/03/02 12:43:31 INFO mapreduce.Job:  map 52% reduce 6%
21/03/02 12:43:34 INFO mapreduce.Job:  map 53% reduce 6%
21/03/02 12:43:37 INFO mapreduce.Job:  map 55% reduce 6%
21/03/02 12:43:40 INFO mapreduce.Job:  map 56% reduce 6%
21/03/02 12:43:43 INFO mapreduce.Job:  map 57% reduce 6%
21/03/02 12:43:46 INFO mapreduce.Job:  map 58% reduce 6%
21/03/02 12:43:49 INFO mapreduce.Job:  map 60% reduce 6%
21/03/02 12:43:52 INFO mapreduce.Job:  map 61% reduce 6%
21/03/02 12:43:55 INFO mapreduce.Job:  map 62% reduce 6%
21/03/02 12:43:58 INFO mapreduce.Job:  map 63% reduce 6%
21/03/02 12:44:01 INFO mapreduce.Job:  map 65% reduce 6%
21/03/02 12:44:04 INFO mapreduce.Job:  map 66% reduce 6%
21/03/02 12:44:07 INFO mapreduce.Job:  map 67% reduce 6%
21/03/02 12:44:11 INFO mapreduce.Job:  map 68% reduce 6%
21/03/02 12:44:14 INFO mapreduce.Job:  map 69% reduce 6%
21/03/02 12:44:17 INFO mapreduce.Job:  map 70% reduce 6%
21/03/02 12:44:20 INFO mapreduce.Job:  map 77% reduce 6%
21/03/02 12:44:23 INFO mapreduce.Job:  map 83% reduce 6%
21/03/02 12:44:24 INFO mapreduce.Job:  map 83% reduce 17%
21/03/02 12:44:26 INFO mapreduce.Job:  map 88% reduce 17%
21/03/02 12:44:27 INFO mapreduce.Job:  map 90% reduce 17%
21/03/02 12:44:29 INFO mapreduce.Job:  map 98% reduce 17%
21/03/02 12:44:30 INFO mapreduce.Job:  map 100% reduce 28%
21/03/02 12:44:33 INFO mapreduce.Job:  map 100% reduce 70%
21/03/02 12:44:36 INFO mapreduce.Job:  map 100% reduce 79%
21/03/02 12:44:39 INFO mapreduce.Job:  map 100% reduce 87%
21/03/02 12:44:42 INFO mapreduce.Job:  map 100% reduce 95%
21/03/02 12:44:44 INFO mapreduce.Job:  map 100% reduce 100%
21/03/02 12:44:44 INFO mapreduce.Job: Job job_1614717699461_0001 completed successfully
21/03/02 12:44:44 INFO mapreduce.Job: Counters: 50
	File System Counters
		FILE: Number of bytes read=726127744
		FILE: Number of bytes written=1097106195
		FILE: Number of read operations=0
		FILE: Number of large read operations=0
		FILE: Number of write operations=0
		HDFS: Number of bytes read=688289024
		HDFS: Number of bytes written=8411965
		HDFS: Number of read operations=21
		HDFS: Number of large read operations=0
		HDFS: Number of write operations=2
	Job Counters 
		Killed map tasks=5
		Launched map tasks=11
		Launched reduce tasks=1
		Data-local map tasks=11
		Total time spent by all maps in occupied slots (ms)=1204760
		Total time spent by all reduces in occupied slots (ms)=139651
		Total time spent by all map tasks (ms)=1204760
		Total time spent by all reduce tasks (ms)=139651
		Total vcore-seconds taken by all map tasks=1204760
		Total vcore-seconds taken by all reduce tasks=139651
		Total megabyte-seconds taken by all map tasks=1233674240
		Total megabyte-seconds taken by all reduce tasks=143002624
	Map-Reduce Framework
		Map input records=36743448
		Map output records=36743448
		Map output bytes=293947584
		Map output materialized bytes=367434516
		Input split bytes=756
		Combine input records=0
		Combine output records=0
		Reduce input groups=687310
		Reduce shuffle bytes=367434516
		Reduce input records=36743448
		Reduce output records=687310
		Spilled Records=109356211
		Shuffled Maps =6
		Failed Shuffles=0
		Merged Map outputs=6
		GC time elapsed (ms)=42092
		CPU time spent (ms)=1118260
		Physical memory (bytes) snapshot=2028564480
		Virtual memory (bytes) snapshot=15480180736
		Total committed heap usage (bytes)=1378877440
	Shuffle Errors
		BAD_ID=0
		CONNECTION=0
		IO_ERROR=0
		WRONG_LENGTH=0
		WRONG_MAP=0
		WRONG_REDUCE=0
	File Input Format Counters 
		Bytes Read=688288268
	File Output Format Counters 
		Bytes Written=8411965
21/03/02 12:44:44 INFO client.RMProxy: Connecting to ResourceManager at comet-14-02.ibnet/10.22.252.157:8032
21/03/02 12:44:44 WARN mapreduce.JobSubmitter: Hadoop command-line option parsing not performed. Implement the Tool interface and execute your application with ToolRunner to remedy this.
21/03/02 12:44:44 INFO input.FileInputFormat: Total input paths to process : 1
21/03/02 12:44:44 INFO mapreduce.JobSubmitter: number of splits:1
21/03/02 12:44:44 INFO mapreduce.JobSubmitter: Submitting tokens for job: job_1614717699461_0002
21/03/02 12:44:44 INFO impl.YarnClientImpl: Submitted application application_1614717699461_0002
21/03/02 12:44:44 INFO mapreduce.Job: The url to track the job: http://comet-14-02.ibnet:8088/proxy/application_1614717699461_0002/
21/03/02 12:44:44 INFO mapreduce.Job: Running job: job_1614717699461_0002
21/03/02 12:44:48 INFO mapreduce.Job: Job job_1614717699461_0002 running in uber mode : false
21/03/02 12:44:48 INFO mapreduce.Job:  map 0% reduce 0%
21/03/02 12:44:58 INFO mapreduce.Job:  map 29% reduce 0%
21/03/02 12:45:01 INFO mapreduce.Job:  map 46% reduce 0%
21/03/02 12:45:04 INFO mapreduce.Job:  map 63% reduce 0%
21/03/02 12:45:05 INFO mapreduce.Job:  map 100% reduce 0%
21/03/02 12:45:10 INFO mapreduce.Job:  map 100% reduce 100%
21/03/02 12:45:10 INFO mapreduce.Job: Job job_1614717699461_0002 completed successfully
21/03/02 12:45:10 INFO mapreduce.Job: Counters: 49
	File System Counters
		FILE: Number of bytes read=6873106
		FILE: Number of bytes written=13958041
		FILE: Number of read operations=0
		FILE: Number of large read operations=0
		FILE: Number of write operations=0
		HDFS: Number of bytes read=8412091
		HDFS: Number of bytes written=17362
		HDFS: Number of read operations=6
		HDFS: Number of large read operations=0
		HDFS: Number of write operations=2
	Job Counters 
		Launched map tasks=1
		Launched reduce tasks=1
		Data-local map tasks=1
		Total time spent by all maps in occupied slots (ms)=14822
		Total time spent by all reduces in occupied slots (ms)=2577
		Total time spent by all map tasks (ms)=14822
		Total time spent by all reduce tasks (ms)=2577
		Total vcore-seconds taken by all map tasks=14822
		Total vcore-seconds taken by all reduce tasks=2577
		Total megabyte-seconds taken by all map tasks=15177728
		Total megabyte-seconds taken by all reduce tasks=2638848
	Map-Reduce Framework
		Map input records=687310
		Map output records=687310
		Map output bytes=5498480
		Map output materialized bytes=6873106
		Input split bytes=126
		Combine input records=0
		Combine output records=0
		Reduce input groups=2478
		Reduce shuffle bytes=6873106
		Reduce input records=687310
		Reduce output records=2478
		Spilled Records=1374620
		Shuffled Maps =1
		Failed Shuffles=0
		Merged Map outputs=1
		GC time elapsed (ms)=441
		CPU time spent (ms)=20260
		Physical memory (bytes) snapshot=466571264
		Virtual memory (bytes) snapshot=4420984832
		Total committed heap usage (bytes)=351272960
	Shuffle Errors
		BAD_ID=0
		CONNECTION=0
		IO_ERROR=0
		WRONG_LENGTH=0
		WRONG_MAP=0
		WRONG_REDUCE=0
	File Input Format Counters 
		Bytes Read=8411965
	File Output Format Counters 
		Bytes Written=17362
stopping yarn daemons
stopping resourcemanager
comet-14-02.ibnet: stopping nodemanager
comet-14-02.ibnet: nodemanager did not stop gracefully after 5 seconds: killing with kill -9
comet-14-03.ibnet: stopping nodemanager
comet-14-03.ibnet: nodemanager did not stop gracefully after 5 seconds: killing with kill -9
no proxyserver to stop
Stopping namenodes on [comet-14-02.ibnet]
comet-14-02.ibnet: stopping namenode
comet-14-03.ibnet: stopping datanode
comet-14-02.ibnet: stopping datanode
Stopping secondary namenodes [comet-14-02.ibnet]
comet-14-02.ibnet: stopping secondarynamenode
Copying Hadoop logs back to /home/sxs3960/cometcluster/logs...
'/scratch/sxs3960/38739626/logs' -> '/home/sxs3960/cometcluster/logs'
'/scratch/sxs3960/38739626/logs/hadoop-sxs3960-datanode-comet-14-02.sdsc.edu.out' -> '/home/sxs3960/cometcluster/logs/hadoop-sxs3960-datanode-comet-14-02.sdsc.edu.out'
'/scratch/sxs3960/38739626/logs/yarn-sxs3960-resourcemanager-comet-14-02.log' -> '/home/sxs3960/cometcluster/logs/yarn-sxs3960-resourcemanager-comet-14-02.log'
'/scratch/sxs3960/38739626/logs/yarn-sxs3960-nodemanager-comet-14-02.sdsc.edu.log' -> '/home/sxs3960/cometcluster/logs/yarn-sxs3960-nodemanager-comet-14-02.sdsc.edu.log'
'/scratch/sxs3960/38739626/logs/hadoop-sxs3960-secondarynamenode-comet-14-02.sdsc.edu.out' -> '/home/sxs3960/cometcluster/logs/hadoop-sxs3960-secondarynamenode-comet-14-02.sdsc.edu.out'
'/scratch/sxs3960/38739626/logs/hadoop-sxs3960-namenode-comet-14-02.sdsc.edu.out' -> '/home/sxs3960/cometcluster/logs/hadoop-sxs3960-namenode-comet-14-02.sdsc.edu.out'
'/scratch/sxs3960/38739626/logs/hadoop-sxs3960-secondarynamenode-comet-14-02.sdsc.edu.log' -> '/home/sxs3960/cometcluster/logs/hadoop-sxs3960-secondarynamenode-comet-14-02.sdsc.edu.log'
'/scratch/sxs3960/38739626/logs/hadoop-sxs3960-namenode-comet-14-02.sdsc.edu.log' -> '/home/sxs3960/cometcluster/logs/hadoop-sxs3960-namenode-comet-14-02.sdsc.edu.log'
'/scratch/sxs3960/38739626/logs/SecurityAuth-sxs3960.audit' -> '/home/sxs3960/cometcluster/logs/SecurityAuth-sxs3960.audit'
'/scratch/sxs3960/38739626/logs/userlogs' -> '/home/sxs3960/cometcluster/logs/userlogs'
'/scratch/sxs3960/38739626/logs/userlogs/application_1614717699461_0001' -> '/home/sxs3960/cometcluster/logs/userlogs/application_1614717699461_0001'
'/scratch/sxs3960/38739626/logs/userlogs/application_1614717699461_0001/container_1614717699461_0001_01_000005' -> '/home/sxs3960/cometcluster/logs/userlogs/application_1614717699461_0001/container_1614717699461_0001_01_000005'
'/scratch/sxs3960/38739626/logs/userlogs/application_1614717699461_0001/container_1614717699461_0001_01_000005/stderr' -> '/home/sxs3960/cometcluster/logs/userlogs/application_1614717699461_0001/container_1614717699461_0001_01_000005/stderr'
'/scratch/sxs3960/38739626/logs/userlogs/application_1614717699461_0001/container_1614717699461_0001_01_000005/stdout' -> '/home/sxs3960/cometcluster/logs/userlogs/application_1614717699461_0001/container_1614717699461_0001_01_000005/stdout'
'/scratch/sxs3960/38739626/logs/userlogs/application_1614717699461_0001/container_1614717699461_0001_01_000005/syslog' -> '/home/sxs3960/cometcluster/logs/userlogs/application_1614717699461_0001/container_1614717699461_0001_01_000005/syslog'
'/scratch/sxs3960/38739626/logs/userlogs/application_1614717699461_0001/container_1614717699461_0001_01_000002' -> '/home/sxs3960/cometcluster/logs/userlogs/application_1614717699461_0001/container_1614717699461_0001_01_000002'
'/scratch/sxs3960/38739626/logs/userlogs/application_1614717699461_0001/container_1614717699461_0001_01_000002/stderr' -> '/home/sxs3960/cometcluster/logs/userlogs/application_1614717699461_0001/container_1614717699461_0001_01_000002/stderr'
'/scratch/sxs3960/38739626/logs/userlogs/application_1614717699461_0001/container_1614717699461_0001_01_000002/stdout' -> '/home/sxs3960/cometcluster/logs/userlogs/application_1614717699461_0001/container_1614717699461_0001_01_000002/stdout'
'/scratch/sxs3960/38739626/logs/userlogs/application_1614717699461_0001/container_1614717699461_0001_01_000002/syslog' -> '/home/sxs3960/cometcluster/logs/userlogs/application_1614717699461_0001/container_1614717699461_0001_01_000002/syslog'
'/scratch/sxs3960/38739626/logs/userlogs/application_1614717699461_0001/container_1614717699461_0001_01_000006' -> '/home/sxs3960/cometcluster/logs/userlogs/application_1614717699461_0001/container_1614717699461_0001_01_000006'
'/scratch/sxs3960/38739626/logs/userlogs/application_1614717699461_0001/container_1614717699461_0001_01_000006/stderr' -> '/home/sxs3960/cometcluster/logs/userlogs/application_1614717699461_0001/container_1614717699461_0001_01_000006/stderr'
'/scratch/sxs3960/38739626/logs/userlogs/application_1614717699461_0001/container_1614717699461_0001_01_000006/syslog' -> '/home/sxs3960/cometcluster/logs/userlogs/application_1614717699461_0001/container_1614717699461_0001_01_000006/syslog'
'/scratch/sxs3960/38739626/logs/userlogs/application_1614717699461_0001/container_1614717699461_0001_01_000006/stdout' -> '/home/sxs3960/cometcluster/logs/userlogs/application_1614717699461_0001/container_1614717699461_0001_01_000006/stdout'
'/scratch/sxs3960/38739626/logs/userlogs/application_1614717699461_0001/container_1614717699461_0001_01_000003' -> '/home/sxs3960/cometcluster/logs/userlogs/application_1614717699461_0001/container_1614717699461_0001_01_000003'
'/scratch/sxs3960/38739626/logs/userlogs/application_1614717699461_0001/container_1614717699461_0001_01_000003/stderr' -> '/home/sxs3960/cometcluster/logs/userlogs/application_1614717699461_0001/container_1614717699461_0001_01_000003/stderr'
'/scratch/sxs3960/38739626/logs/userlogs/application_1614717699461_0001/container_1614717699461_0001_01_000003/syslog' -> '/home/sxs3960/cometcluster/logs/userlogs/application_1614717699461_0001/container_1614717699461_0001_01_000003/syslog'
'/scratch/sxs3960/38739626/logs/userlogs/application_1614717699461_0001/container_1614717699461_0001_01_000003/stdout' -> '/home/sxs3960/cometcluster/logs/userlogs/application_1614717699461_0001/container_1614717699461_0001_01_000003/stdout'
'/scratch/sxs3960/38739626/logs/userlogs/application_1614717699461_0001/container_1614717699461_0001_01_000004' -> '/home/sxs3960/cometcluster/logs/userlogs/application_1614717699461_0001/container_1614717699461_0001_01_000004'
'/scratch/sxs3960/38739626/logs/userlogs/application_1614717699461_0001/container_1614717699461_0001_01_000004/stderr' -> '/home/sxs3960/cometcluster/logs/userlogs/application_1614717699461_0001/container_1614717699461_0001_01_000004/stderr'
'/scratch/sxs3960/38739626/logs/userlogs/application_1614717699461_0001/container_1614717699461_0001_01_000004/syslog' -> '/home/sxs3960/cometcluster/logs/userlogs/application_1614717699461_0001/container_1614717699461_0001_01_000004/syslog'
'/scratch/sxs3960/38739626/logs/userlogs/application_1614717699461_0001/container_1614717699461_0001_01_000004/stdout' -> '/home/sxs3960/cometcluster/logs/userlogs/application_1614717699461_0001/container_1614717699461_0001_01_000004/stdout'
'/scratch/sxs3960/38739626/logs/userlogs/application_1614717699461_0001/container_1614717699461_0001_01_000007' -> '/home/sxs3960/cometcluster/logs/userlogs/application_1614717699461_0001/container_1614717699461_0001_01_000007'
'/scratch/sxs3960/38739626/logs/userlogs/application_1614717699461_0001/container_1614717699461_0001_01_000007/stdout' -> '/home/sxs3960/cometcluster/logs/userlogs/application_1614717699461_0001/container_1614717699461_0001_01_000007/stdout'
'/scratch/sxs3960/38739626/logs/userlogs/application_1614717699461_0001/container_1614717699461_0001_01_000007/syslog' -> '/home/sxs3960/cometcluster/logs/userlogs/application_1614717699461_0001/container_1614717699461_0001_01_000007/syslog'
'/scratch/sxs3960/38739626/logs/userlogs/application_1614717699461_0001/container_1614717699461_0001_01_000007/stderr' -> '/home/sxs3960/cometcluster/logs/userlogs/application_1614717699461_0001/container_1614717699461_0001_01_000007/stderr'
'/scratch/sxs3960/38739626/logs/userlogs/application_1614717699461_0002' -> '/home/sxs3960/cometcluster/logs/userlogs/application_1614717699461_0002'
'/scratch/sxs3960/38739626/logs/userlogs/application_1614717699461_0002/container_1614717699461_0002_01_000003' -> '/home/sxs3960/cometcluster/logs/userlogs/application_1614717699461_0002/container_1614717699461_0002_01_000003'
'/scratch/sxs3960/38739626/logs/userlogs/application_1614717699461_0002/container_1614717699461_0002_01_000003/stdout' -> '/home/sxs3960/cometcluster/logs/userlogs/application_1614717699461_0002/container_1614717699461_0002_01_000003/stdout'
'/scratch/sxs3960/38739626/logs/userlogs/application_1614717699461_0002/container_1614717699461_0002_01_000003/syslog' -> '/home/sxs3960/cometcluster/logs/userlogs/application_1614717699461_0002/container_1614717699461_0002_01_000003/syslog'
'/scratch/sxs3960/38739626/logs/userlogs/application_1614717699461_0002/container_1614717699461_0002_01_000003/stderr' -> '/home/sxs3960/cometcluster/logs/userlogs/application_1614717699461_0002/container_1614717699461_0002_01_000003/stderr'
'/scratch/sxs3960/38739626/logs/userlogs/application_1614717699461_0002/container_1614717699461_0002_01_000001' -> '/home/sxs3960/cometcluster/logs/userlogs/application_1614717699461_0002/container_1614717699461_0002_01_000001'
'/scratch/sxs3960/38739626/logs/userlogs/application_1614717699461_0002/container_1614717699461_0002_01_000001/syslog' -> '/home/sxs3960/cometcluster/logs/userlogs/application_1614717699461_0002/container_1614717699461_0002_01_000001/syslog'
'/scratch/sxs3960/38739626/logs/userlogs/application_1614717699461_0002/container_1614717699461_0002_01_000001/stdout' -> '/home/sxs3960/cometcluster/logs/userlogs/application_1614717699461_0002/container_1614717699461_0002_01_000001/stdout'
'/scratch/sxs3960/38739626/logs/userlogs/application_1614717699461_0002/container_1614717699461_0002_01_000001/stderr' -> '/home/sxs3960/cometcluster/logs/userlogs/application_1614717699461_0002/container_1614717699461_0002_01_000001/stderr'
'/scratch/sxs3960/38739626/logs/yarn-sxs3960-nodemanager-comet-14-02.sdsc.edu.out' -> '/home/sxs3960/cometcluster/logs/yarn-sxs3960-nodemanager-comet-14-02.sdsc.edu.out'
'/scratch/sxs3960/38739626/logs/hadoop-sxs3960-datanode-comet-14-02.sdsc.edu.log' -> '/home/sxs3960/cometcluster/logs/hadoop-sxs3960-datanode-comet-14-02.sdsc.edu.log'
'/scratch/sxs3960/38739626/logs/yarn-sxs3960-resourcemanager-comet-14-02.out' -> '/home/sxs3960/cometcluster/logs/yarn-sxs3960-resourcemanager-comet-14-02.out'
removed directory: ‘/scratch/sxs3960/38739626/mapred_scratch/usercache/sxs3960/filecache’
removed directory: ‘/scratch/sxs3960/38739626/mapred_scratch/usercache/sxs3960/appcache’
removed directory: ‘/scratch/sxs3960/38739626/mapred_scratch/usercache/sxs3960’
removed directory: ‘/scratch/sxs3960/38739626/mapred_scratch/usercache’
removed directory: ‘/scratch/sxs3960/38739626/mapred_scratch/nmPrivate’
removed directory: ‘/scratch/sxs3960/38739626/mapred_scratch/filecache’
removed directory: ‘/scratch/sxs3960/38739626/mapred_scratch’
removed ‘/scratch/sxs3960/38739626/tmp/dfs/namesecondary/current/fsimage_0000000000000000000.md5’
removed ‘/scratch/sxs3960/38739626/tmp/dfs/namesecondary/current/fsimage_0000000000000000076’
removed ‘/scratch/sxs3960/38739626/tmp/dfs/namesecondary/current/edits_0000000000000000001-0000000000000000076’
removed ‘/scratch/sxs3960/38739626/tmp/dfs/namesecondary/current/VERSION’
removed ‘/scratch/sxs3960/38739626/tmp/dfs/namesecondary/current/fsimage_0000000000000000076.md5’
removed ‘/scratch/sxs3960/38739626/tmp/dfs/namesecondary/current/fsimage_0000000000000000000’
removed directory: ‘/scratch/sxs3960/38739626/tmp/dfs/namesecondary/current’
removed directory: ‘/scratch/sxs3960/38739626/tmp/dfs/namesecondary’
removed directory: ‘/scratch/sxs3960/38739626/tmp/dfs’
removed directory: ‘/scratch/sxs3960/38739626/tmp’
removed ‘/scratch/sxs3960/38739626/namenode_data/current/fsimage_0000000000000000076’
removed ‘/scratch/sxs3960/38739626/namenode_data/current/fsimage_0000000000000000076.md5’
removed ‘/scratch/sxs3960/38739626/namenode_data/current/fsimage_0000000000000000000’
removed ‘/scratch/sxs3960/38739626/namenode_data/current/edits_0000000000000000001-0000000000000000076’
removed ‘/scratch/sxs3960/38739626/namenode_data/current/VERSION’
removed ‘/scratch/sxs3960/38739626/namenode_data/current/seen_txid’
removed ‘/scratch/sxs3960/38739626/namenode_data/current/edits_inprogress_0000000000000000077’
removed ‘/scratch/sxs3960/38739626/namenode_data/current/fsimage_0000000000000000000.md5’
removed directory: ‘/scratch/sxs3960/38739626/namenode_data/current’
removed directory: ‘/scratch/sxs3960/38739626/namenode_data’
removed ‘/scratch/sxs3960/38739626/hdfs_data/current/VERSION’
removed ‘/scratch/sxs3960/38739626/hdfs_data/current/BP-1935647675-198.202.114.231-1614717678083/current/dfsUsed’
removed ‘/scratch/sxs3960/38739626/hdfs_data/current/BP-1935647675-198.202.114.231-1614717678083/current/VERSION’
removed ‘/scratch/sxs3960/38739626/hdfs_data/current/BP-1935647675-198.202.114.231-1614717678083/current/finalized/subdir0/subdir0/blk_1073741840_1016.meta’
removed ‘/scratch/sxs3960/38739626/hdfs_data/current/BP-1935647675-198.202.114.231-1614717678083/current/finalized/subdir0/subdir0/blk_1073741830_1006.meta’
removed ‘/scratch/sxs3960/38739626/hdfs_data/current/BP-1935647675-198.202.114.231-1614717678083/current/finalized/subdir0/subdir0/blk_1073741838’
removed ‘/scratch/sxs3960/38739626/hdfs_data/current/BP-1935647675-198.202.114.231-1614717678083/current/finalized/subdir0/subdir0/blk_1073741829_1005.meta’
removed ‘/scratch/sxs3960/38739626/hdfs_data/current/BP-1935647675-198.202.114.231-1614717678083/current/finalized/subdir0/subdir0/blk_1073741848’
removed ‘/scratch/sxs3960/38739626/hdfs_data/current/BP-1935647675-198.202.114.231-1614717678083/current/finalized/subdir0/subdir0/blk_1073741847_1023.meta’
removed ‘/scratch/sxs3960/38739626/hdfs_data/current/BP-1935647675-198.202.114.231-1614717678083/current/finalized/subdir0/subdir0/blk_1073741826’
removed ‘/scratch/sxs3960/38739626/hdfs_data/current/BP-1935647675-198.202.114.231-1614717678083/current/finalized/subdir0/subdir0/blk_1073741828’
removed ‘/scratch/sxs3960/38739626/hdfs_data/current/BP-1935647675-198.202.114.231-1614717678083/current/finalized/subdir0/subdir0/blk_1073741825_1001.meta’
removed ‘/scratch/sxs3960/38739626/hdfs_data/current/BP-1935647675-198.202.114.231-1614717678083/current/finalized/subdir0/subdir0/blk_1073741825’
removed ‘/scratch/sxs3960/38739626/hdfs_data/current/BP-1935647675-198.202.114.231-1614717678083/current/finalized/subdir0/subdir0/blk_1073741828_1004.meta’
removed ‘/scratch/sxs3960/38739626/hdfs_data/current/BP-1935647675-198.202.114.231-1614717678083/current/finalized/subdir0/subdir0/blk_1073741837_1013.meta’
removed ‘/scratch/sxs3960/38739626/hdfs_data/current/BP-1935647675-198.202.114.231-1614717678083/current/finalized/subdir0/subdir0/blk_1073741849_1025.meta’
removed ‘/scratch/sxs3960/38739626/hdfs_data/current/BP-1935647675-198.202.114.231-1614717678083/current/finalized/subdir0/subdir0/blk_1073741850’
removed ‘/scratch/sxs3960/38739626/hdfs_data/current/BP-1935647675-198.202.114.231-1614717678083/current/finalized/subdir0/subdir0/blk_1073741827’
removed ‘/scratch/sxs3960/38739626/hdfs_data/current/BP-1935647675-198.202.114.231-1614717678083/current/finalized/subdir0/subdir0/blk_1073741850_1026.meta’
removed ‘/scratch/sxs3960/38739626/hdfs_data/current/BP-1935647675-198.202.114.231-1614717678083/current/finalized/subdir0/subdir0/blk_1073741849’
removed ‘/scratch/sxs3960/38739626/hdfs_data/current/BP-1935647675-198.202.114.231-1614717678083/current/finalized/subdir0/subdir0/blk_1073741839’
removed ‘/scratch/sxs3960/38739626/hdfs_data/current/BP-1935647675-198.202.114.231-1614717678083/current/finalized/subdir0/subdir0/blk_1073741827_1003.meta’
removed ‘/scratch/sxs3960/38739626/hdfs_data/current/BP-1935647675-198.202.114.231-1614717678083/current/finalized/subdir0/subdir0/blk_1073741838_1014.meta’
removed ‘/scratch/sxs3960/38739626/hdfs_data/current/BP-1935647675-198.202.114.231-1614717678083/current/finalized/subdir0/subdir0/blk_1073741837’
removed ‘/scratch/sxs3960/38739626/hdfs_data/current/BP-1935647675-198.202.114.231-1614717678083/current/finalized/subdir0/subdir0/blk_1073741840’
removed ‘/scratch/sxs3960/38739626/hdfs_data/current/BP-1935647675-198.202.114.231-1614717678083/current/finalized/subdir0/subdir0/blk_1073741839_1015.meta’
removed ‘/scratch/sxs3960/38739626/hdfs_data/current/BP-1935647675-198.202.114.231-1614717678083/current/finalized/subdir0/subdir0/blk_1073741826_1002.meta’
removed ‘/scratch/sxs3960/38739626/hdfs_data/current/BP-1935647675-198.202.114.231-1614717678083/current/finalized/subdir0/subdir0/blk_1073741847’
removed ‘/scratch/sxs3960/38739626/hdfs_data/current/BP-1935647675-198.202.114.231-1614717678083/current/finalized/subdir0/subdir0/blk_1073741830’
removed ‘/scratch/sxs3960/38739626/hdfs_data/current/BP-1935647675-198.202.114.231-1614717678083/current/finalized/subdir0/subdir0/blk_1073741848_1024.meta’
removed ‘/scratch/sxs3960/38739626/hdfs_data/current/BP-1935647675-198.202.114.231-1614717678083/current/finalized/subdir0/subdir0/blk_1073741829’
removed directory: ‘/scratch/sxs3960/38739626/hdfs_data/current/BP-1935647675-198.202.114.231-1614717678083/current/finalized/subdir0/subdir0’
removed directory: ‘/scratch/sxs3960/38739626/hdfs_data/current/BP-1935647675-198.202.114.231-1614717678083/current/finalized/subdir0’
removed directory: ‘/scratch/sxs3960/38739626/hdfs_data/current/BP-1935647675-198.202.114.231-1614717678083/current/finalized’
removed directory: ‘/scratch/sxs3960/38739626/hdfs_data/current/BP-1935647675-198.202.114.231-1614717678083/current/rbw’
removed directory: ‘/scratch/sxs3960/38739626/hdfs_data/current/BP-1935647675-198.202.114.231-1614717678083/current’
removed ‘/scratch/sxs3960/38739626/hdfs_data/current/BP-1935647675-198.202.114.231-1614717678083/dncp_block_verification.log.curr’
removed directory: ‘/scratch/sxs3960/38739626/hdfs_data/current/BP-1935647675-198.202.114.231-1614717678083/tmp’
removed ‘/scratch/sxs3960/38739626/hdfs_data/current/BP-1935647675-198.202.114.231-1614717678083/dncp_block_verification.log.prev’
removed directory: ‘/scratch/sxs3960/38739626/hdfs_data/current/BP-1935647675-198.202.114.231-1614717678083’
removed directory: ‘/scratch/sxs3960/38739626/hdfs_data/current’
removed directory: ‘/scratch/sxs3960/38739626/hdfs_data’
removed directory: ‘/scratch/sxs3960/38739626/pids’
removed ‘/scratch/sxs3960/38739626/logs/hadoop-sxs3960-datanode-comet-14-02.sdsc.edu.out’
removed ‘/scratch/sxs3960/38739626/logs/yarn-sxs3960-resourcemanager-comet-14-02.log’
removed ‘/scratch/sxs3960/38739626/logs/yarn-sxs3960-nodemanager-comet-14-02.sdsc.edu.log’
removed ‘/scratch/sxs3960/38739626/logs/hadoop-sxs3960-secondarynamenode-comet-14-02.sdsc.edu.out’
removed ‘/scratch/sxs3960/38739626/logs/hadoop-sxs3960-namenode-comet-14-02.sdsc.edu.out’
removed ‘/scratch/sxs3960/38739626/logs/hadoop-sxs3960-secondarynamenode-comet-14-02.sdsc.edu.log’
removed ‘/scratch/sxs3960/38739626/logs/hadoop-sxs3960-namenode-comet-14-02.sdsc.edu.log’
removed ‘/scratch/sxs3960/38739626/logs/SecurityAuth-sxs3960.audit’
removed ‘/scratch/sxs3960/38739626/logs/userlogs/application_1614717699461_0001/container_1614717699461_0001_01_000005/stderr’
removed ‘/scratch/sxs3960/38739626/logs/userlogs/application_1614717699461_0001/container_1614717699461_0001_01_000005/stdout’
removed ‘/scratch/sxs3960/38739626/logs/userlogs/application_1614717699461_0001/container_1614717699461_0001_01_000005/syslog’
removed directory: ‘/scratch/sxs3960/38739626/logs/userlogs/application_1614717699461_0001/container_1614717699461_0001_01_000005’
removed ‘/scratch/sxs3960/38739626/logs/userlogs/application_1614717699461_0001/container_1614717699461_0001_01_000002/stderr’
removed ‘/scratch/sxs3960/38739626/logs/userlogs/application_1614717699461_0001/container_1614717699461_0001_01_000002/stdout’
removed ‘/scratch/sxs3960/38739626/logs/userlogs/application_1614717699461_0001/container_1614717699461_0001_01_000002/syslog’
removed directory: ‘/scratch/sxs3960/38739626/logs/userlogs/application_1614717699461_0001/container_1614717699461_0001_01_000002’
removed ‘/scratch/sxs3960/38739626/logs/userlogs/application_1614717699461_0001/container_1614717699461_0001_01_000006/stderr’
removed ‘/scratch/sxs3960/38739626/logs/userlogs/application_1614717699461_0001/container_1614717699461_0001_01_000006/syslog’
removed ‘/scratch/sxs3960/38739626/logs/userlogs/application_1614717699461_0001/container_1614717699461_0001_01_000006/stdout’
removed directory: ‘/scratch/sxs3960/38739626/logs/userlogs/application_1614717699461_0001/container_1614717699461_0001_01_000006’
removed ‘/scratch/sxs3960/38739626/logs/userlogs/application_1614717699461_0001/container_1614717699461_0001_01_000003/stderr’
removed ‘/scratch/sxs3960/38739626/logs/userlogs/application_1614717699461_0001/container_1614717699461_0001_01_000003/syslog’
removed ‘/scratch/sxs3960/38739626/logs/userlogs/application_1614717699461_0001/container_1614717699461_0001_01_000003/stdout’
removed directory: ‘/scratch/sxs3960/38739626/logs/userlogs/application_1614717699461_0001/container_1614717699461_0001_01_000003’
removed ‘/scratch/sxs3960/38739626/logs/userlogs/application_1614717699461_0001/container_1614717699461_0001_01_000004/stderr’
removed ‘/scratch/sxs3960/38739626/logs/userlogs/application_1614717699461_0001/container_1614717699461_0001_01_000004/syslog’
removed ‘/scratch/sxs3960/38739626/logs/userlogs/application_1614717699461_0001/container_1614717699461_0001_01_000004/stdout’
removed directory: ‘/scratch/sxs3960/38739626/logs/userlogs/application_1614717699461_0001/container_1614717699461_0001_01_000004’
removed ‘/scratch/sxs3960/38739626/logs/userlogs/application_1614717699461_0001/container_1614717699461_0001_01_000007/stdout’
removed ‘/scratch/sxs3960/38739626/logs/userlogs/application_1614717699461_0001/container_1614717699461_0001_01_000007/syslog’
removed ‘/scratch/sxs3960/38739626/logs/userlogs/application_1614717699461_0001/container_1614717699461_0001_01_000007/stderr’
removed directory: ‘/scratch/sxs3960/38739626/logs/userlogs/application_1614717699461_0001/container_1614717699461_0001_01_000007’
removed directory: ‘/scratch/sxs3960/38739626/logs/userlogs/application_1614717699461_0001’
removed ‘/scratch/sxs3960/38739626/logs/userlogs/application_1614717699461_0002/container_1614717699461_0002_01_000003/stdout’
removed ‘/scratch/sxs3960/38739626/logs/userlogs/application_1614717699461_0002/container_1614717699461_0002_01_000003/syslog’
removed ‘/scratch/sxs3960/38739626/logs/userlogs/application_1614717699461_0002/container_1614717699461_0002_01_000003/stderr’
removed directory: ‘/scratch/sxs3960/38739626/logs/userlogs/application_1614717699461_0002/container_1614717699461_0002_01_000003’
removed ‘/scratch/sxs3960/38739626/logs/userlogs/application_1614717699461_0002/container_1614717699461_0002_01_000001/syslog’
removed ‘/scratch/sxs3960/38739626/logs/userlogs/application_1614717699461_0002/container_1614717699461_0002_01_000001/stdout’
removed ‘/scratch/sxs3960/38739626/logs/userlogs/application_1614717699461_0002/container_1614717699461_0002_01_000001/stderr’
removed directory: ‘/scratch/sxs3960/38739626/logs/userlogs/application_1614717699461_0002/container_1614717699461_0002_01_000001’
removed directory: ‘/scratch/sxs3960/38739626/logs/userlogs/application_1614717699461_0002’
removed directory: ‘/scratch/sxs3960/38739626/logs/userlogs’
removed ‘/scratch/sxs3960/38739626/logs/yarn-sxs3960-nodemanager-comet-14-02.sdsc.edu.out’
removed ‘/scratch/sxs3960/38739626/logs/hadoop-sxs3960-datanode-comet-14-02.sdsc.edu.log’
removed ‘/scratch/sxs3960/38739626/logs/yarn-sxs3960-resourcemanager-comet-14-02.out’
removed directory: ‘/scratch/sxs3960/38739626/logs’
removed directory: ‘/scratch/sxs3960/38739626/mapred_scratch/nmPrivate’
removed directory: ‘/scratch/sxs3960/38739626/mapred_scratch/usercache/sxs3960/appcache’
removed directory: ‘/scratch/sxs3960/38739626/mapred_scratch/usercache/sxs3960/filecache’
removed directory: ‘/scratch/sxs3960/38739626/mapred_scratch/usercache/sxs3960’
removed directory: ‘/scratch/sxs3960/38739626/mapred_scratch/usercache’
removed directory: ‘/scratch/sxs3960/38739626/mapred_scratch/filecache’
removed directory: ‘/scratch/sxs3960/38739626/mapred_scratch’
removed ‘/scratch/sxs3960/38739626/hdfs_data/current/VERSION’
removed ‘/scratch/sxs3960/38739626/hdfs_data/current/BP-1935647675-198.202.114.231-1614717678083/dncp_block_verification.log.curr’
removed directory: ‘/scratch/sxs3960/38739626/hdfs_data/current/BP-1935647675-198.202.114.231-1614717678083/tmp’
removed ‘/scratch/sxs3960/38739626/hdfs_data/current/BP-1935647675-198.202.114.231-1614717678083/dncp_block_verification.log.prev’
removed ‘/scratch/sxs3960/38739626/hdfs_data/current/BP-1935647675-198.202.114.231-1614717678083/current/VERSION’
removed ‘/scratch/sxs3960/38739626/hdfs_data/current/BP-1935647675-198.202.114.231-1614717678083/current/dfsUsed’
removed directory: ‘/scratch/sxs3960/38739626/hdfs_data/current/BP-1935647675-198.202.114.231-1614717678083/current/rbw’
removed ‘/scratch/sxs3960/38739626/hdfs_data/current/BP-1935647675-198.202.114.231-1614717678083/current/finalized/subdir0/subdir0/blk_1073741829_1005.meta’
removed ‘/scratch/sxs3960/38739626/hdfs_data/current/BP-1935647675-198.202.114.231-1614717678083/current/finalized/subdir0/subdir0/blk_1073741838’
removed ‘/scratch/sxs3960/38739626/hdfs_data/current/BP-1935647675-198.202.114.231-1614717678083/current/finalized/subdir0/subdir0/blk_1073741830_1006.meta’
removed ‘/scratch/sxs3960/38739626/hdfs_data/current/BP-1935647675-198.202.114.231-1614717678083/current/finalized/subdir0/subdir0/blk_1073741840_1016.meta’
removed ‘/scratch/sxs3960/38739626/hdfs_data/current/BP-1935647675-198.202.114.231-1614717678083/current/finalized/subdir0/subdir0/blk_1073741826’
removed ‘/scratch/sxs3960/38739626/hdfs_data/current/BP-1935647675-198.202.114.231-1614717678083/current/finalized/subdir0/subdir0/blk_1073741847_1023.meta’
removed ‘/scratch/sxs3960/38739626/hdfs_data/current/BP-1935647675-198.202.114.231-1614717678083/current/finalized/subdir0/subdir0/blk_1073741848’
removed ‘/scratch/sxs3960/38739626/hdfs_data/current/BP-1935647675-198.202.114.231-1614717678083/current/finalized/subdir0/subdir0/blk_1073741828’
removed ‘/scratch/sxs3960/38739626/hdfs_data/current/BP-1935647675-198.202.114.231-1614717678083/current/finalized/subdir0/subdir0/blk_1073741837_1013.meta’
removed ‘/scratch/sxs3960/38739626/hdfs_data/current/BP-1935647675-198.202.114.231-1614717678083/current/finalized/subdir0/subdir0/blk_1073741828_1004.meta’
removed ‘/scratch/sxs3960/38739626/hdfs_data/current/BP-1935647675-198.202.114.231-1614717678083/current/finalized/subdir0/subdir0/blk_1073741825’
removed ‘/scratch/sxs3960/38739626/hdfs_data/current/BP-1935647675-198.202.114.231-1614717678083/current/finalized/subdir0/subdir0/blk_1073741825_1001.meta’
removed ‘/scratch/sxs3960/38739626/hdfs_data/current/BP-1935647675-198.202.114.231-1614717678083/current/finalized/subdir0/subdir0/blk_1073741849’
removed ‘/scratch/sxs3960/38739626/hdfs_data/current/BP-1935647675-198.202.114.231-1614717678083/current/finalized/subdir0/subdir0/blk_1073741850_1026.meta’
removed ‘/scratch/sxs3960/38739626/hdfs_data/current/BP-1935647675-198.202.114.231-1614717678083/current/finalized/subdir0/subdir0/blk_1073741827’
removed ‘/scratch/sxs3960/38739626/hdfs_data/current/BP-1935647675-198.202.114.231-1614717678083/current/finalized/subdir0/subdir0/blk_1073741850’
removed ‘/scratch/sxs3960/38739626/hdfs_data/current/BP-1935647675-198.202.114.231-1614717678083/current/finalized/subdir0/subdir0/blk_1073741849_1025.meta’
removed ‘/scratch/sxs3960/38739626/hdfs_data/current/BP-1935647675-198.202.114.231-1614717678083/current/finalized/subdir0/subdir0/blk_1073741838_1014.meta’
removed ‘/scratch/sxs3960/38739626/hdfs_data/current/BP-1935647675-198.202.114.231-1614717678083/current/finalized/subdir0/subdir0/blk_1073741827_1003.meta’
removed ‘/scratch/sxs3960/38739626/hdfs_data/current/BP-1935647675-198.202.114.231-1614717678083/current/finalized/subdir0/subdir0/blk_1073741839’
removed ‘/scratch/sxs3960/38739626/hdfs_data/current/BP-1935647675-198.202.114.231-1614717678083/current/finalized/subdir0/subdir0/blk_1073741826_1002.meta’
removed ‘/scratch/sxs3960/38739626/hdfs_data/current/BP-1935647675-198.202.114.231-1614717678083/current/finalized/subdir0/subdir0/blk_1073741839_1015.meta’
removed ‘/scratch/sxs3960/38739626/hdfs_data/current/BP-1935647675-198.202.114.231-1614717678083/current/finalized/subdir0/subdir0/blk_1073741840’
removed ‘/scratch/sxs3960/38739626/hdfs_data/current/BP-1935647675-198.202.114.231-1614717678083/current/finalized/subdir0/subdir0/blk_1073741837’
removed ‘/scratch/sxs3960/38739626/hdfs_data/current/BP-1935647675-198.202.114.231-1614717678083/current/finalized/subdir0/subdir0/blk_1073741829’
removed ‘/scratch/sxs3960/38739626/hdfs_data/current/BP-1935647675-198.202.114.231-1614717678083/current/finalized/subdir0/subdir0/blk_1073741830’
removed ‘/scratch/sxs3960/38739626/hdfs_data/current/BP-1935647675-198.202.114.231-1614717678083/current/finalized/subdir0/subdir0/blk_1073741847’
removed ‘/scratch/sxs3960/38739626/hdfs_data/current/BP-1935647675-198.202.114.231-1614717678083/current/finalized/subdir0/subdir0/blk_1073741848_1024.meta’
removed directory: ‘/scratch/sxs3960/38739626/hdfs_data/current/BP-1935647675-198.202.114.231-1614717678083/current/finalized/subdir0/subdir0’
removed directory: ‘/scratch/sxs3960/38739626/hdfs_data/current/BP-1935647675-198.202.114.231-1614717678083/current/finalized/subdir0’
removed directory: ‘/scratch/sxs3960/38739626/hdfs_data/current/BP-1935647675-198.202.114.231-1614717678083/current/finalized’
removed directory: ‘/scratch/sxs3960/38739626/hdfs_data/current/BP-1935647675-198.202.114.231-1614717678083/current’
removed directory: ‘/scratch/sxs3960/38739626/hdfs_data/current/BP-1935647675-198.202.114.231-1614717678083’
removed directory: ‘/scratch/sxs3960/38739626/hdfs_data/current’
removed directory: ‘/scratch/sxs3960/38739626/hdfs_data’
removed directory: ‘/scratch/sxs3960/38739626/pids’
removed ‘/scratch/sxs3960/38739626/logs/hadoop-sxs3960-datanode-comet-14-03.sdsc.edu.out’
removed ‘/scratch/sxs3960/38739626/logs/SecurityAuth-sxs3960.audit’
removed ‘/scratch/sxs3960/38739626/logs/yarn-sxs3960-nodemanager-comet-14-03.sdsc.edu.log’
removed ‘/scratch/sxs3960/38739626/logs/yarn-sxs3960-nodemanager-comet-14-03.sdsc.edu.out’
removed ‘/scratch/sxs3960/38739626/logs/userlogs/application_1614717699461_0001/container_1614717699461_0001_01_000010/stdout’
removed ‘/scratch/sxs3960/38739626/logs/userlogs/application_1614717699461_0001/container_1614717699461_0001_01_000010/syslog’
removed ‘/scratch/sxs3960/38739626/logs/userlogs/application_1614717699461_0001/container_1614717699461_0001_01_000010/stderr’
removed directory: ‘/scratch/sxs3960/38739626/logs/userlogs/application_1614717699461_0001/container_1614717699461_0001_01_000010’
removed ‘/scratch/sxs3960/38739626/logs/userlogs/application_1614717699461_0001/container_1614717699461_0001_01_000009/syslog’
removed ‘/scratch/sxs3960/38739626/logs/userlogs/application_1614717699461_0001/container_1614717699461_0001_01_000009/stdout’
removed ‘/scratch/sxs3960/38739626/logs/userlogs/application_1614717699461_0001/container_1614717699461_0001_01_000009/stderr’
removed directory: ‘/scratch/sxs3960/38739626/logs/userlogs/application_1614717699461_0001/container_1614717699461_0001_01_000009’
removed ‘/scratch/sxs3960/38739626/logs/userlogs/application_1614717699461_0001/container_1614717699461_0001_01_000013/stderr’
removed ‘/scratch/sxs3960/38739626/logs/userlogs/application_1614717699461_0001/container_1614717699461_0001_01_000013/stdout’
removed ‘/scratch/sxs3960/38739626/logs/userlogs/application_1614717699461_0001/container_1614717699461_0001_01_000013/syslog’
removed directory: ‘/scratch/sxs3960/38739626/logs/userlogs/application_1614717699461_0001/container_1614717699461_0001_01_000013’
removed ‘/scratch/sxs3960/38739626/logs/userlogs/application_1614717699461_0001/container_1614717699461_0001_01_000008/stdout’
removed ‘/scratch/sxs3960/38739626/logs/userlogs/application_1614717699461_0001/container_1614717699461_0001_01_000008/syslog’
removed ‘/scratch/sxs3960/38739626/logs/userlogs/application_1614717699461_0001/container_1614717699461_0001_01_000008/stderr’
removed directory: ‘/scratch/sxs3960/38739626/logs/userlogs/application_1614717699461_0001/container_1614717699461_0001_01_000008’
removed ‘/scratch/sxs3960/38739626/logs/userlogs/application_1614717699461_0001/container_1614717699461_0001_01_000011/stdout’
removed ‘/scratch/sxs3960/38739626/logs/userlogs/application_1614717699461_0001/container_1614717699461_0001_01_000011/syslog’
removed ‘/scratch/sxs3960/38739626/logs/userlogs/application_1614717699461_0001/container_1614717699461_0001_01_000011/stderr’
removed directory: ‘/scratch/sxs3960/38739626/logs/userlogs/application_1614717699461_0001/container_1614717699461_0001_01_000011’
removed ‘/scratch/sxs3960/38739626/logs/userlogs/application_1614717699461_0001/container_1614717699461_0001_01_000001/stderr’
removed ‘/scratch/sxs3960/38739626/logs/userlogs/application_1614717699461_0001/container_1614717699461_0001_01_000001/stdout’
removed ‘/scratch/sxs3960/38739626/logs/userlogs/application_1614717699461_0001/container_1614717699461_0001_01_000001/syslog’
removed directory: ‘/scratch/sxs3960/38739626/logs/userlogs/application_1614717699461_0001/container_1614717699461_0001_01_000001’
removed ‘/scratch/sxs3960/38739626/logs/userlogs/application_1614717699461_0001/container_1614717699461_0001_01_000012/syslog’
removed ‘/scratch/sxs3960/38739626/logs/userlogs/application_1614717699461_0001/container_1614717699461_0001_01_000012/stdout’
removed ‘/scratch/sxs3960/38739626/logs/userlogs/application_1614717699461_0001/container_1614717699461_0001_01_000012/stderr’
removed directory: ‘/scratch/sxs3960/38739626/logs/userlogs/application_1614717699461_0001/container_1614717699461_0001_01_000012’
removed directory: ‘/scratch/sxs3960/38739626/logs/userlogs/application_1614717699461_0001’
removed ‘/scratch/sxs3960/38739626/logs/userlogs/application_1614717699461_0002/container_1614717699461_0002_01_000002/syslog’
removed ‘/scratch/sxs3960/38739626/logs/userlogs/application_1614717699461_0002/container_1614717699461_0002_01_000002/stdout’
removed ‘/scratch/sxs3960/38739626/logs/userlogs/application_1614717699461_0002/container_1614717699461_0002_01_000002/stderr’
removed directory: ‘/scratch/sxs3960/38739626/logs/userlogs/application_1614717699461_0002/container_1614717699461_0002_01_000002’
removed directory: ‘/scratch/sxs3960/38739626/logs/userlogs/application_1614717699461_0002’
removed directory: ‘/scratch/sxs3960/38739626/logs/userlogs’
removed ‘/scratch/sxs3960/38739626/logs/hadoop-sxs3960-datanode-comet-14-03.sdsc.edu.log’
removed directory: ‘/scratch/sxs3960/38739626/logs’
removed directory: '/tmp/Jetty_0_0_0_0_50075_datanode____hwtdwq_5865352643890757843/jsp'
removed directory: '/tmp/Jetty_0_0_0_0_50075_datanode____hwtdwq_5865352643890757843/.active'
removed directory: '/tmp/Jetty_0_0_0_0_50075_datanode____hwtdwq_5865352643890757843'
removed directory: '/tmp/Jetty_0_0_0_0_50070_hdfs____w2cu08_2110832742613450029/jsp'
removed directory: '/tmp/Jetty_0_0_0_0_50070_hdfs____w2cu08_2110832742613450029/.active'
removed directory: '/tmp/Jetty_0_0_0_0_50070_hdfs____w2cu08_2110832742613450029'
removed directory: '/tmp/Jetty_comet.14.02_ibnet_50090_secondary____.cwjvbq_2109850823523568252/jsp'
removed directory: '/tmp/Jetty_comet.14.02_ibnet_50090_secondary____.cwjvbq_2109850823523568252/.active'
removed directory: '/tmp/Jetty_comet.14.02_ibnet_50090_secondary____.cwjvbq_2109850823523568252'
